<?xml version="1.0" encoding="utf-8"?><testsuites><testsuite errors="0" failures="0" hostname="murtaza-HP-Pavilion-Notebook" name="pytest" skipped="0" tests="27" time="1.707" timestamp="2020-10-06T18:12:59.163105"><testcase classname="test.test_sample" name="test_import" time="0.724" /><testcase classname="test.torch.models.test_ocr_models" name="test_imgencoder_out_shape[1-160]" time="0.004" /><testcase classname="test.torch.models.test_ocr_models" name="test_imgencoder_out_shape[1-161]" time="0.003" /><testcase classname="test.torch.models.test_ocr_models" name="test_imgencoder_out_shape[1-400]" time="0.019" /><testcase classname="test.torch.models.test_ocr_models" name="test_imgencoder_out_shape[3-16]" time="0.004" /><testcase classname="test.torch.models.test_ocr_models" name="test_imgencoder_out_shape[3-20]" time="0.005" /><testcase classname="test.torch.models.test_ocr_models" name="test_imgencoder_out_shape[16-60]" time="0.035" /><testcase classname="test.torch.models.test_ocr_models" name="test_imgencoder_out_shape[13-170]" time="0.010" /><testcase classname="test.torch.models.test_ocr_models" name="test_imgencoder_out_shape[14-18]" time="0.007" /><testcase classname="test.torch.models.test_ocr_models" name="test_imgencoder_out_shape[4-170]" time="0.004" /><testcase classname="test.torch.models.test_ocr_models" name="test_imgencoder_out_shape[11-18]" time="0.009" /><testcase classname="test.torch.models.test_ocr_models" name="test_imgencoder_out_shape[9-18]" time="0.006" /><testcase classname="test.torch.models.test_ocr_models" name="test_imgencoder_out_shape[6-19]" time="0.006" /><testcase classname="test.torch.models.test_ocr_models" name="test_imgencoder_out_shape[5-19]" time="0.007" /><testcase classname="test.torch.models.test_ocr_models" name="test_imgencoder_out_shape[10-17]" time="0.006" /><testcase classname="test.torch.models.test_ocr_models" name="test_imgencoder_out_shape[4-171]" time="0.003" /><testcase classname="test.torch.models.test_ocr_models" name="test_imgencoder_out_shape[12-170]" time="0.008" /><testcase classname="test.torch.models.test_ocr_models" name="test_imgencoder_out_shape[4-172]" time="0.004" /><testcase classname="test.torch.models.test_ocr_models" name="test_imgencoder_out_shape[3-17]" time="0.004" /><testcase classname="test.torch.models.test_ocr_models" name="test_imgencoder_out_shape[4-16]" time="0.004" /><testcase classname="test.torch.models.test_ocr_models" name="test_imgencoder_out_shape[6-18]" time="0.006" /><testcase classname="test.torch.models.test_ocr_models" name="test_imgencoder_out_shape[12-171]" time="0.006" /><testcase classname="test.torch.models.test_ocr_models" name="test_imgencoder_out_shape[10-16]" time="0.005" /><testcase classname="test.torch.models.test_ocr_models" name="test_imgencoder_out_shape[3-19]" time="0.005" /><testcase classname="test.torch.models.test_ocr_models" name="test_imgencoder_out_shape[4-18]" time="0.006" /><testcase classname="test.torch.models.test_ocr_models" name="test_imgencoder_out_shape[5-18]" time="0.004" /><testcase classname="test.torch.models.test_ocr_models" name="test_imgencoder_out_shape[13-171]" time="0.007" /></testsuite></testsuites>